<?xml version="1.0" encoding="UTF-8"?>
<testng-results ignored="0" total="1" passed="1" failed="0" skipped="0">
  <reporter-output>
  </reporter-output>
  <suite started-at="2024-09-05T14:26:48 IST" name="Default suite" finished-at="2024-09-05T14:27:01 IST" duration-ms="12917">
    <groups>
    </groups>
    <test started-at="2024-09-05T14:26:48 IST" name="Default test" finished-at="2024-09-05T14:27:01 IST" duration-ms="12917">
      <class name="actitime.script.ValidateLoggedInUserE">
        <test-method is-config="true" signature="preCondition()[pri:0, instance:actitime.script.ValidateLoggedInUserE@3bb9a3ff]" started-at="2024-09-05T14:26:48 IST" name="preCondition" finished-at="2024-09-05T14:26:55 IST" duration-ms="6927" status="PASS">
          <reporter-output>
          </reporter-output>
        </test-method> <!-- preCondition -->
        <test-method signature="validateLoggedInUserE()[pri:0, instance:actitime.script.ValidateLoggedInUserE@3bb9a3ff]" started-at="2024-09-05T14:26:55 IST" name="validateLoggedInUserE" finished-at="2024-09-05T14:26:59 IST" duration-ms="3624" status="PASS">
          <reporter-output>
          </reporter-output>
        </test-method> <!-- validateLoggedInUserE -->
        <test-method is-config="true" signature="postCondition()[pri:0, instance:actitime.script.ValidateLoggedInUserE@3bb9a3ff]" started-at="2024-09-05T14:26:59 IST" name="postCondition" finished-at="2024-09-05T14:27:01 IST" duration-ms="2325" status="PASS">
          <reporter-output>
          </reporter-output>
        </test-method> <!-- postCondition -->
      </class> <!-- actitime.script.ValidateLoggedInUserE -->
    </test> <!-- Default test -->
  </suite> <!-- Default suite -->
</testng-results>
